{"/Users/harry/Desktop/Projects/nexplore-todo-api/src/__tests__/__data__/todo.ts": {"path":"/Users/harry/Desktop/Projects/nexplore-todo-api/src/__tests__/__data__/todo.ts","statementMap":{"0":{"start":{"line":1,"column":13},"end":{"line":9,"column":2}}},"fnMap":{},"branchMap":{},"s":{"0":1},"f":{},"b":{}}
,"/Users/harry/Desktop/Projects/nexplore-todo-api/src/config/database.ts": {"path":"/Users/harry/Desktop/Projects/nexplore-todo-api/src/config/database.ts","statementMap":{"0":{"start":{"line":1,"column":0},"end":{"line":1,"column":26}},"1":{"start":{"line":2,"column":0},"end":{"line":2,"column":49}},"2":{"start":{"line":6,"column":0},"end":{"line":6,"column":37}},"3":{"start":{"line":8,"column":0},"end":{"line":8,"column":23}},"4":{"start":{"line":13,"column":10},"end":{"line":13,"column":43}},"5":{"start":{"line":14,"column":10},"end":{"line":14,"column":43}},"6":{"start":{"line":15,"column":10},"end":{"line":15,"column":45}},"7":{"start":{"line":16,"column":10},"end":{"line":16,"column":43}},"8":{"start":{"line":17,"column":10},"end":{"line":17,"column":51}},"9":{"start":{"line":18,"column":10},"end":{"line":18,"column":40}},"10":{"start":{"line":21,"column":4},"end":{"line":21,"column":47}},"11":{"start":{"line":22,"column":4},"end":{"line":22,"column":42}},"12":{"start":{"line":23,"column":4},"end":{"line":23,"column":43}},"13":{"start":{"line":27,"column":4},"end":{"line":28,"column":31}},"14":{"start":{"line":32,"column":20},"end":{"line":36,"column":6}},"15":{"start":{"line":37,"column":4},"end":{"line":37,"column":46}},"16":{"start":{"line":41,"column":17},"end":{"line":41,"column":31}},"17":{"start":{"line":42,"column":13},"end":{"line":42,"column":30}}},"fnMap":{"0":{"name":"(anonymous_1)","decl":{"start":{"line":20,"column":2},"end":{"line":20,"column":null}},"loc":{"start":{"line":20,"column":2},"end":{"line":24,"column":3}}},"1":{"name":"(anonymous_2)","decl":{"start":{"line":26,"column":10},"end":{"line":26,"column":24}},"loc":{"start":{"line":26,"column":24},"end":{"line":29,"column":3}}},"2":{"name":"(anonymous_3)","decl":{"start":{"line":31,"column":10},"end":{"line":31,"column":30}},"loc":{"start":{"line":31,"column":30},"end":{"line":38,"column":3}}}},"branchMap":{},"s":{"0":1,"1":1,"2":1,"3":1,"4":1,"5":1,"6":1,"7":1,"8":1,"9":1,"10":1,"11":1,"12":1,"13":1,"14":1,"15":1,"16":1,"17":1},"f":{"0":1,"1":1,"2":1},"b":{}}
,"/Users/harry/Desktop/Projects/nexplore-todo-api/src/enums/HTTPStatusEnum.ts": {"path":"/Users/harry/Desktop/Projects/nexplore-todo-api/src/enums/HTTPStatusEnum.ts","statementMap":{"0":{"start":{"line":1,"column":13},"end":{"line":9,"column":2}}},"fnMap":{},"branchMap":{},"s":{"0":2},"f":{},"b":{}}
,"/Users/harry/Desktop/Projects/nexplore-todo-api/src/repositories/TodoRepository.ts": {"path":"/Users/harry/Desktop/Projects/nexplore-todo-api/src/repositories/TodoRepository.ts","statementMap":{"0":{"start":{"line":1,"column":0},"end":{"line":1,"column":40}},"1":{"start":{"line":4,"column":24},"end":{"line":7,"column":1}},"2":{"start":{"line":5,"column":16},"end":{"line":5,"column":37}},"3":{"start":{"line":6,"column":2},"end":{"line":6,"column":43}},"4":{"start":{"line":4,"column":13},"end":{"line":4,"column":24}},"5":{"start":{"line":9,"column":26},"end":{"line":11,"column":1}},"6":{"start":{"line":10,"column":2},"end":{"line":10,"column":92}},"7":{"start":{"line":9,"column":13},"end":{"line":9,"column":26}},"8":{"start":{"line":13,"column":26},"end":{"line":15,"column":1}},"9":{"start":{"line":14,"column":2},"end":{"line":14,"column":117}},"10":{"start":{"line":13,"column":13},"end":{"line":13,"column":26}},"11":{"start":{"line":17,"column":26},"end":{"line":19,"column":1}},"12":{"start":{"line":18,"column":2},"end":{"line":18,"column":100}},"13":{"start":{"line":17,"column":13},"end":{"line":17,"column":26}}},"fnMap":{"0":{"name":"(anonymous_0)","decl":{"start":{"line":4,"column":24},"end":{"line":4,"column":29}},"loc":{"start":{"line":4,"column":35},"end":{"line":7,"column":1}}},"1":{"name":"(anonymous_1)","decl":{"start":{"line":9,"column":26},"end":{"line":9,"column":31}},"loc":{"start":{"line":9,"column":50},"end":{"line":11,"column":1}}},"2":{"name":"(anonymous_2)","decl":{"start":{"line":13,"column":26},"end":{"line":13,"column":31}},"loc":{"start":{"line":13,"column":71},"end":{"line":15,"column":1}}},"3":{"name":"(anonymous_3)","decl":{"start":{"line":17,"column":26},"end":{"line":17,"column":31}},"loc":{"start":{"line":17,"column":47},"end":{"line":19,"column":1}}}},"branchMap":{},"s":{"0":1,"1":1,"2":0,"3":0,"4":1,"5":1,"6":0,"7":1,"8":1,"9":0,"10":1,"11":1,"12":0,"13":1},"f":{"0":0,"1":0,"2":0,"3":0},"b":{}}
,"/Users/harry/Desktop/Projects/nexplore-todo-api/src/services/TodoService.ts": {"path":"/Users/harry/Desktop/Projects/nexplore-todo-api/src/services/TodoService.ts","statementMap":{"0":{"start":{"line":1,"column":0},"end":{"line":1,"column":94}},"1":{"start":{"line":3,"column":0},"end":{"line":3,"column":56}},"2":{"start":{"line":9,"column":4},"end":{"line":9,"column":28}},"3":{"start":{"line":13,"column":29},"end":{"line":17,"column":6}},"4":{"start":{"line":18,"column":4},"end":{"line":18,"column":37}},"5":{"start":{"line":22,"column":4},"end":{"line":22,"column":97}},"6":{"start":{"line":22,"column":20},"end":{"line":22,"column":97}},"7":{"start":{"line":24,"column":38},"end":{"line":28,"column":6}},"8":{"start":{"line":29,"column":4},"end":{"line":29,"column":47}},"9":{"start":{"line":33,"column":4},"end":{"line":33,"column":102}},"10":{"start":{"line":33,"column":20},"end":{"line":33,"column":102}},"11":{"start":{"line":35,"column":38},"end":{"line":39,"column":6}},"12":{"start":{"line":40,"column":4},"end":{"line":40,"column":47}},"13":{"start":{"line":44,"column":4},"end":{"line":44,"column":32}},"14":{"start":{"line":48,"column":0},"end":{"line":48,"column":27}}},"fnMap":{"0":{"name":"(anonymous_0)","decl":{"start":{"line":8,"column":2},"end":{"line":8,"column":8}},"loc":{"start":{"line":8,"column":22},"end":{"line":10,"column":3}}},"1":{"name":"(anonymous_1)","decl":{"start":{"line":12,"column":2},"end":{"line":12,"column":8}},"loc":{"start":{"line":12,"column":35},"end":{"line":19,"column":3}}},"2":{"name":"(anonymous_2)","decl":{"start":{"line":21,"column":2},"end":{"line":21,"column":8}},"loc":{"start":{"line":21,"column":79},"end":{"line":30,"column":3}}},"3":{"name":"(anonymous_3)","decl":{"start":{"line":32,"column":2},"end":{"line":32,"column":8}},"loc":{"start":{"line":32,"column":77},"end":{"line":41,"column":3}}},"4":{"name":"(anonymous_4)","decl":{"start":{"line":43,"column":2},"end":{"line":43,"column":8}},"loc":{"start":{"line":43,"column":36},"end":{"line":45,"column":3}}}},"branchMap":{"0":{"loc":{"start":{"line":22,"column":4},"end":{"line":22,"column":97}},"type":"if","locations":[{"start":{"line":22,"column":4},"end":{"line":22,"column":97}}]},"1":{"loc":{"start":{"line":33,"column":4},"end":{"line":33,"column":102}},"type":"if","locations":[{"start":{"line":33,"column":4},"end":{"line":33,"column":102}}]}},"s":{"0":1,"1":1,"2":1,"3":1,"4":1,"5":2,"6":1,"7":1,"8":1,"9":2,"10":1,"11":1,"12":1,"13":1,"14":1},"f":{"0":1,"1":1,"2":2,"3":2,"4":1},"b":{"0":[1],"1":[1]}}
,"/Users/harry/Desktop/Projects/nexplore-todo-api/src/utils/CustomErrors.ts": {"path":"/Users/harry/Desktop/Projects/nexplore-todo-api/src/utils/CustomErrors.ts","statementMap":{"0":{"start":{"line":1,"column":0},"end":{"line":1,"column":57}},"1":{"start":{"line":7,"column":4},"end":{"line":7,"column":19}},"2":{"start":{"line":8,"column":4},"end":{"line":8,"column":25}},"3":{"start":{"line":9,"column":4},"end":{"line":9,"column":27}},"4":{"start":{"line":19,"column":9},"end":{"line":19,"column":20}},"5":{"start":{"line":15,"column":4},"end":{"line":15,"column":47}},"6":{"start":{"line":19,"column":22},"end":{"line":19,"column":37}}},"fnMap":{"0":{"name":"(anonymous_0)","decl":{"start":{"line":6,"column":2},"end":{"line":6,"column":14}},"loc":{"start":{"line":6,"column":45},"end":{"line":10,"column":3}}},"1":{"name":"(anonymous_1)","decl":{"start":{"line":14,"column":2},"end":{"line":14,"column":14}},"loc":{"start":{"line":14,"column":29},"end":{"line":16,"column":3}}}},"branchMap":{},"s":{"0":2,"1":4,"2":4,"3":4,"4":2,"5":3,"6":2},"f":{"0":4,"1":3},"b":{}}
,"/Users/harry/Desktop/Projects/nexplore-todo-api/src/utils/logger.ts": {"path":"/Users/harry/Desktop/Projects/nexplore-todo-api/src/utils/logger.ts","statementMap":{"0":{"start":{"line":1,"column":0},"end":{"line":1,"column":30}},"1":{"start":{"line":3,"column":15},"end":{"line":9,"column":2}},"2":{"start":{"line":11,"column":15},"end":{"line":17,"column":2}},"3":{"start":{"line":19,"column":0},"end":{"line":19,"column":26}},"4":{"start":{"line":21,"column":15},"end":{"line":24,"column":null}},"5":{"start":{"line":24,"column":34},"end":{"line":24,"column":85}},"6":{"start":{"line":27,"column":15},"end":{"line":31,"column":2}},"7":{"start":{"line":33,"column":0},"end":{"line":33,"column":22}}},"fnMap":{"0":{"name":"(anonymous_1)","decl":{"start":{"line":24,"column":24},"end":{"line":24,"column":25}},"loc":{"start":{"line":24,"column":34},"end":{"line":24,"column":85}}}},"branchMap":{},"s":{"0":1,"1":1,"2":1,"3":1,"4":1,"5":2,"6":1,"7":1},"f":{"0":2},"b":{}}
}
